<?xml version="1.0" encoding="UTF-8"?>
<!-- Generated by org.testng.reporters.JUnitXMLReporter -->
<testsuite hostname="AnkitTyagi-PC" name="Default test" tests="4" failures="0" timestamp="26 Jan 2019 16:01:13 GMT" time="7.259" errors="0">
  <testcase name="launchBrowserAndGetUrl" time="0.085" classname="com.crm.testcases.LoginPageTest"/>
  <testcase name="LoginPagetitleTest" time="0.528" classname="com.crm.testcases.LoginPageTest"/>
  <testcase name="CRMImageTest" time="0.098" classname="com.crm.testcases.LoginPageTest"/>
  <testcase name="loginTest" time="6.502" classname="com.crm.testcases.LoginPageTest"/>
</testsuite> <!-- Default test -->
