<?xml version="1.0" encoding="UTF-8"?>
<!-- Generated by org.testng.reporters.JUnitXMLReporter -->
<testsuite hostname="INDEL-D-8G54N62" ignored="0" name="[BS-02]  NewNew_Draft_InReview_With_Fac" tests="6" failures="0" timestamp="07 Jun 2018 09:24:05 GMT" time="39.105" errors="0">
  <testcase name="HomePageTitle" time="3.005" classname="com.crm.testcases.HomePageTest"/>
  <testcase name="VerifyHomePageTitle" time="0.014" classname="com.crm.testcases.HomePageTest"/>
  <testcase name="VerifyUsernameTest" time="0.072" classname="com.crm.testcases.HomePageTest"/>
  <testcase name="ContactsTabTest" time="3.166" classname="com.crm.testcases.HomePageTest"/>
  <testcase name="DealsTabTest" time="3.15" classname="com.crm.testcases.HomePageTest"/>
  <testcase name="TaskPageTest" time="0.114" classname="com.crm.testcases.HomePageTest"/>
</testsuite> <!-- [BS-02]  NewNew_Draft_InReview_With_Fac -->
