<?xml version="1.0" encoding="UTF-8"?>
<!-- Generated by org.testng.reporters.JUnitXMLReporter -->
<testsuite hostname="INDEL-D-8G54N62" ignored="0" name="[BS-01]  NewNew_Draft_InReview_No_Fac" tests="3" failures="0" timestamp="07 Jun 2018 09:23:25 GMT" time="35.902" errors="0">
  <testcase name="LoginPagetitleTest" time="0.014" classname="com.crm.testcases.LoginPageTest"/>
  <testcase name="CRMImageTest" time="0.026" classname="com.crm.testcases.LoginPageTest"/>
  <testcase name="loginTest" time="21.053" classname="com.crm.testcases.LoginPageTest"/>
</testsuite> <!-- [BS-01]  NewNew_Draft_InReview_No_Fac -->
