<?xml version="1.0" encoding="UTF-8"?>
<!-- Generated by org.testng.reporters.JUnitXMLReporter -->
<testsuite hostname="INDEL-D-8G54N62" ignored="0" name="[BS-02]  Homage Test" tests="5" failures="0" timestamp="18 Sep 2018 11:26:19 GMT" time="27.303" errors="0">
  <testcase name="HomePageTitle" time="0.307" classname="com.crm.testcases.HomePageTest"/>
  <testcase name="VerifyUsernameTest" time="2.181" classname="com.crm.testcases.HomePageTest"/>
  <testcase name="ContactsTabTest" time="3.081" classname="com.crm.testcases.HomePageTest"/>
  <testcase name="DealsTabTest" time="3.114" classname="com.crm.testcases.HomePageTest"/>
  <testcase name="TaskPageTest" time="3.112" classname="com.crm.testcases.HomePageTest"/>
</testsuite> <!-- [BS-02]  Homage Test -->
