<?xml version="1.0" encoding="UTF-8"?>
<!-- Generated by org.testng.reporters.JUnitXMLReporter -->
<testsuite hostname="INDEL-D-8G54N62" ignored="0" name="[BS-01]  Login Into Application" tests="3" failures="0" timestamp="18 Sep 2018 11:25:51 GMT" time="19.08" errors="0">
  <testcase name="LoginPagetitleTest" time="0.01" classname="com.crm.testcases.LoginPageTest"/>
  <testcase name="CRMImageTest" time="0.025" classname="com.crm.testcases.LoginPageTest"/>
  <testcase name="loginTest" time="7.273" classname="com.crm.testcases.LoginPageTest"/>
</testsuite> <!-- [BS-01]  Login Into Application -->
