<?xml version="1.0" encoding="UTF-8"?>
<!-- Generated by org.testng.reporters.JUnitXMLReporter -->
<testsuite hostname="INDEL-D-8G54N62" ignored="0" name="[BS-03]  Contact Page Test" tests="3" failures="0" timestamp="18 Sep 2018 11:26:44 GMT" time="24.889" errors="0">
  <testcase name="VerifycontactsLabelTest" time="3.965" classname="com.crm.testcases.ContactPageTest"/>
  <testcase name="SelectContactsTest" time="3.091" classname="com.crm.testcases.ContactPageTest"/>
  <testcase name="CreateContactsTest" time="2.127" classname="com.crm.testcases.ContactPageTest"/>
</testsuite> <!-- [BS-03]  Contact Page Test -->
