<?xml version="1.0" encoding="UTF-8"?>
<!-- Generated by org.testng.reporters.JUnitXMLReporter -->
<testsuite hostname="INDEL-D-8G54N62" ignored="0" name="Free CRM Test" tests="9" failures="6" timestamp="07 Jun 2018 08:10:15 GMT" time="28.32" errors="0">
  <testcase name="LoginPagetitleTest" time="0.117" classname="com.crm.testcases.LoginPageTest"/>
  <testcase name="HomePageTitle" time="0.002" classname="com.crm.testcases.HomePageTest">
    <failure type="java.lang.NullPointerException">
      <![CDATA[java.lang.NullPointerException
	at com.crm.testcases.HomePageTest.HomePageTitle(HomePageTest.java:36)
... Removed 25 stack frames]]>
    </failure>
  </testcase> <!-- HomePageTitle -->
  <testcase name="CRMImageTest" time="0.035" classname="com.crm.testcases.LoginPageTest"/>
  <testcase name="VerifyHomePageTitle" time="0.002" classname="com.crm.testcases.HomePageTest">
    <failure type="java.lang.NullPointerException">
      <![CDATA[java.lang.NullPointerException
	at com.crm.testcases.HomePageTest.VerifyHomePageTitle(HomePageTest.java:48)
... Removed 25 stack frames]]>
    </failure>
  </testcase> <!-- VerifyHomePageTitle -->
  <testcase name="loginTest" time="13.261" classname="com.crm.testcases.LoginPageTest"/>
  <testcase name="VerifyUsernameTest" time="0.0" classname="com.crm.testcases.HomePageTest">
    <failure type="java.lang.NullPointerException">
      <![CDATA[java.lang.NullPointerException
	at com.crm.testcases.HomePageTest.VerifyUsernameTest(HomePageTest.java:55)
... Removed 25 stack frames]]>
    </failure>
  </testcase> <!-- VerifyUsernameTest -->
  <testcase name="ContactsTabTest" time="0.01" classname="com.crm.testcases.HomePageTest">
    <failure type="java.lang.NullPointerException">
      <![CDATA[java.lang.NullPointerException
	at com.crm.testcases.HomePageTest.ContactsTabTest(HomePageTest.java:63)
... Removed 25 stack frames]]>
    </failure>
  </testcase> <!-- ContactsTabTest -->
  <testcase name="DealsTabTest" time="0.0" classname="com.crm.testcases.HomePageTest">
    <failure type="java.lang.NullPointerException">
      <![CDATA[java.lang.NullPointerException
	at com.crm.testcases.HomePageTest.DealsTabTest(HomePageTest.java:73)
... Removed 25 stack frames]]>
    </failure>
  </testcase> <!-- DealsTabTest -->
  <testcase name="TaskPageTest" time="0.002" classname="com.crm.testcases.HomePageTest">
    <failure type="java.lang.NullPointerException">
      <![CDATA[java.lang.NullPointerException
	at com.crm.testcases.HomePageTest.TaskPageTest(HomePageTest.java:80)
... Removed 25 stack frames]]>
    </failure>
  </testcase> <!-- TaskPageTest -->
</testsuite> <!-- Free CRM Test -->
