<?xml version="1.0" encoding="UTF-8"?>
<!-- Generated by org.testng.reporters.JUnitXMLReporter -->
<testsuite hostname="AnkitTyagi-PC" name="[BS-01]  Login Into Application" tests="4" failures="0" timestamp="26 Jan 2019 15:00:24 GMT" time="6.481" errors="0">
  <testcase name="launchBrowserAndGetUrl" time="0.044" classname="com.crm.testcases.LoginPageTest"/>
  <testcase name="LoginPagetitleTest" time="0.032" classname="com.crm.testcases.LoginPageTest"/>
  <testcase name="CRMImageTest" time="0.085" classname="com.crm.testcases.LoginPageTest"/>
  <testcase name="loginTest" time="6.28" classname="com.crm.testcases.LoginPageTest"/>
</testsuite> <!-- [BS-01]  Login Into Application -->
