<?xml version="1.0" encoding="UTF-8"?>
<!-- Generated by org.testng.reporters.JUnitXMLReporter -->
<testsuite hostname="AnkitTyagi-PC" name="[BS-03]  Contact Page Test" tests="4" failures="0" timestamp="19 Jan 2019 03:44:53 GMT" time="30.027" errors="0">
  <testcase name="launchBrowserAndGetUrl" time="0.022" classname="com.crm.testcases.ContactPageTest"/>
  <testcase name="VerifycontactsLabelTest" time="3.116" classname="com.crm.testcases.ContactPageTest"/>
  <testcase name="CreateContactsTest" time="18.884" classname="com.crm.testcases.ContactPageTest"/>
  <testcase name="SelectContactsTest" time="6.179" classname="com.crm.testcases.ContactPageTest"/>
</testsuite> <!-- [BS-03]  Contact Page Test -->
