<?xml version="1.0" encoding="UTF-8"?>
<!-- Generated by org.testng.reporters.JUnitXMLReporter -->
<testsuite hostname="AnkitTyagi-PC" ignored="0" name="[BS-03]  Contact Page Test" tests="4" failures="0" timestamp="26 Jan 2019 16:46:39 GMT" time="19.015" errors="0">
  <testcase name="launchBrowserAndGetUrl" time="0.026" classname="com.crm.testcases.ContactPageTest"/>
  <testcase name="VerifycontactsLabelTest" time="3.095" classname="com.crm.testcases.ContactPageTest"/>
  <testcase name="CreateContactsTest" time="10.238" classname="com.crm.testcases.ContactPageTest"/>
  <testcase name="SelectContactsTest" time="4.979" classname="com.crm.testcases.ContactPageTest"/>
</testsuite> <!-- [BS-03]  Contact Page Test -->
