<?xml version="1.0" encoding="UTF-8"?>
<!-- Generated by org.testng.reporters.JUnitXMLReporter -->
<testsuite hostname="AnkitTyagi-PC" ignored="0" name="[BS-01]  Login Into Application" tests="4" failures="0" timestamp="26 Jan 2019 16:46:13 GMT" time="11.89" errors="0">
  <testcase name="launchBrowserAndGetUrl" time="0.038" classname="com.crm.testcases.LoginPageTest"/>
  <testcase name="LoginPagetitleTest" time="0.016" classname="com.crm.testcases.LoginPageTest"/>
  <testcase name="CRMImageTest" time="0.068" classname="com.crm.testcases.LoginPageTest"/>
  <testcase name="loginTest" time="11.747" classname="com.crm.testcases.LoginPageTest"/>
</testsuite> <!-- [BS-01]  Login Into Application -->
