<?xml version="1.0" encoding="UTF-8"?>
<!-- Generated by org.testng.reporters.JUnitXMLReporter -->
<testsuite hostname="AnkitTyagi-PC" ignored="0" name="[BS-02]  Home Page Test" tests="6" failures="0" timestamp="26 Jan 2019 16:46:20 GMT" time="7.113" errors="0">
  <testcase name="launchBrowserAndGetUrl" time="0.005" classname="com.crm.testcases.HomePageTest"/>
  <testcase name="HomePageTitle" time="0.313" classname="com.crm.testcases.HomePageTest"/>
  <testcase name="VerifyUsernameTest" time="0.416" classname="com.crm.testcases.HomePageTest"/>
  <testcase name="ContactsTabTest" time="2.12" classname="com.crm.testcases.HomePageTest"/>
  <testcase name="DealsTabTest" time="2.178" classname="com.crm.testcases.HomePageTest"/>
  <testcase name="TaskPageTest" time="2.076" classname="com.crm.testcases.HomePageTest"/>
</testsuite> <!-- [BS-02]  Home Page Test -->
